Arguments: 
  /usr/local/bin/node /usr/share/yarn/bin/yarn.js add boy-parser

PATH: 
  /home/george/.local/bin:/home/george/anaconda3/bin:/usr/local/sbin:/usr/local/bin:/usr/sbin:/usr/bin:/sbin:/bin:/usr/games:/usr/local/games:/mnt/c/Program Files (x86)/Common Files/Oracle/Java/javapath_target_709704921:/mnt/c/Program Files (x86)/Intel/Intel(R) Management Engine Components/iCLS:/mnt/c/Program Files/Intel/Intel(R) Management Engine Components/iCLS:/mnt/c/Windows/System32:/mnt/c/Windows:/mnt/c/Windows/System32/wbem:/mnt/c/Windows/System32/WindowsPowerShell/v1.0:/mnt/c/Program Files (x86)/Intel/Intel(R) Management Engine Components/DAL:/mnt/c/Program Files/Intel/Intel(R) Management Engine Components/DAL:/mnt/c/Program Files (x86)/Intel/Intel(R) Management Engine Components/IPT:/mnt/c/Program Files/Intel/Intel(R) Management Engine Components/IPT:/mnt/c/Program Files (x86)/NVIDIA Corporation/PhysX/Common:/mnt/c/Windows/System32:/mnt/c/Windows:/mnt/c/Windows/System32/wbem:/mnt/c/Windows/System32/WindowsPowerShell/v1.0:/mnt/c/Windows/System32/OpenSSH:/mnt/c/Program Files/Git/cmd:/mnt/c/ProgramData/chocolatey/bin:/mnt/c/Users/George Beckert/AppData/Local/Programs/Python/Python37-32/Scripts:/mnt/c/Users/George Beckert/AppData/Local/Programs/Python/Python37-32:/mnt/c/Users/George Beckert/AppData/Local/Microsoft/WindowsApps:/mnt/c/Program Files/Docker Toolbox:/mnt/c/tools/neovim/Neovim/bin:/mnt/c/Program Files/Salesforce CLI/bin:/snap/bin

Yarn version: 
  1.10.1

Node version: 
  11.2.0

Platform: 
  linux x64

Trace: 
  Error: https://registry.yarnpkg.com/boy-parser: Not found
      at Request.params.callback [as _callback] (/usr/share/yarn/lib/cli.js:61073:18)
      at Request.self.callback (/usr/share/yarn/lib/cli.js:120166:22)
      at Request.emit (events.js:182:13)
      at Request.<anonymous> (/usr/share/yarn/lib/cli.js:121138:10)
      at Request.emit (events.js:182:13)
      at IncomingMessage.<anonymous> (/usr/share/yarn/lib/cli.js:121060:12)
      at Object.onceWrapper (events.js:273:13)
      at IncomingMessage.emit (events.js:187:15)
      at endReadableNT (_stream_readable.js:1098:12)
      at process.internalTickCallback (internal/process/next_tick.js:72:19)

npm manifest: 
  {
    "name": "simpleServer",
    "version": "1.0.0",
    "description": "",
    "main": "app.js",
    "scripts": {
      "start": "node app.js",
      "test": "echo \"Error: no test specified\" && exit 1"
    },
    "author": "George Beckert",
    "license": "ISC",
    "dependencies": {
      "fs": "^0.0.1-security",
      "path": "^0.12.7"
    }
  }

yarn manifest: 
  No manifest

Lockfile: 
  # THIS IS AN AUTOGENERATED FILE. DO NOT EDIT THIS FILE DIRECTLY.
  # yarn lockfile v1
  
  
  fs@^0.0.1-security:
    version "0.0.1-security"
    resolved "https://registry.yarnpkg.com/fs/-/fs-0.0.1-security.tgz#8a7bd37186b6dddf3813f23858b57ecaaf5e41d4"
    integrity sha1-invTcYa23d84E/I4WLV+yq9eQdQ=
  
  inherits@2.0.3:
    version "2.0.3"
    resolved "https://registry.yarnpkg.com/inherits/-/inherits-2.0.3.tgz#633c2c83e3da42a502f52466022480f4208261de"
    integrity sha1-Yzwsg+PaQqUC9SRmAiSA9CCCYd4=
  
  path@^0.12.7:
    version "0.12.7"
    resolved "https://registry.yarnpkg.com/path/-/path-0.12.7.tgz#d4dc2a506c4ce2197eb481ebfcd5b36c0140b10f"
    integrity sha1-1NwqUGxM4hl+tIHr/NWzbAFAsQ8=
    dependencies:
      process "^0.11.1"
      util "^0.10.3"
  
  process@^0.11.1:
    version "0.11.10"
    resolved "https://registry.yarnpkg.com/process/-/process-0.11.10.tgz#7332300e840161bda3e69a1d1d91a7d4bc16f182"
    integrity sha1-czIwDoQBYb2j5podHZGn1LwW8YI=
  
  util@^0.10.3:
    version "0.10.4"
    resolved "https://registry.yarnpkg.com/util/-/util-0.10.4.tgz#3aa0125bfe668a4672de58857d3ace27ecb76901"
    integrity sha512-0Pm9hTQ3se5ll1XihRic3FDIku70C+iHUdT/W926rSgHV5QgXsYbKZN8MSC3tJtSkhuROzvsQjAaFENRXr+19A==
    dependencies:
      inherits "2.0.3"
